[0.018s] Invoking command in '/home/toffanetto/subjects/im420x/micro-ros/build/command_stm32_leds': CMAKE_PREFIX_PATH=/opt/ros/humble /usr/bin/cmake --build /home/toffanetto/subjects/im420x/micro-ros/build/command_stm32_leds -- -j48 -l48
[0.096s] [35m[1mConsolidate compiler generated dependencies of target command_stm32_leds_node[0m
[0.130s] [ 50%] [32mBuilding CXX object CMakeFiles/command_stm32_leds_node.dir/src/command_stm32_leds_node.cpp.o[0m
[2.867s] [01m[K/home/toffanetto/subjects/im420x/micro-ros/command_stm32_leds/src/command_stm32_leds_node.cpp:21:17:[m[K [01;31m[Kerror: [m[KISO C++ forbids declaration of â€˜[01m[KledSendCommand[m[Kâ€™ with no type [[01;31m[K]8;;https://gcc.gnu.org/onlinedocs/gcc/Warning-Options.html#index-fpermissive-fpermissive]8;;[m[K]
[2.868s]    21 |                 [01;31m[KledSendCommand[m[K(){
[2.868s]       |                 [01;31m[K^~~~~~~~~~~~~~[m[K
[2.868s] [01m[K/home/toffanetto/subjects/im420x/micro-ros/command_stm32_leds/src/command_stm32_leds_node.cpp:35:50:[m[K [01;31m[Kerror: [m[Kâ€˜[01m[KUInt8MultiArray[m[Kâ€™ is not a member of â€˜[01m[Kstd_msgs::msg[m[Kâ€™; did you mean â€˜[01m[KUInt32MultiArray[m[Kâ€™?
[2.868s]    35 |                 rclcpp::Publisher<std_msgs::msg::[01;31m[KUInt8MultiArray[m[K>::SharedPtr led_pub;
[2.868s]       |                                                  [01;31m[K^~~~~~~~~~~~~~~[m[K
[2.868s]       |                                                  [32m[KUInt32MultiArray[m[K
[2.868s] [01m[K/home/toffanetto/subjects/im420x/micro-ros/command_stm32_leds/src/command_stm32_leds_node.cpp:35:65:[m[K [01;31m[Kerror: [m[Ktemplate argument 1 is invalid
[2.868s]    35 |                 rclcpp::Publisher<std_msgs::msg::UInt8MultiArray[01;31m[K>[m[K::SharedPtr led_pub;
[2.868s]       |                                                                 [01;31m[K^[m[K
[2.868s] [01m[K/home/toffanetto/subjects/im420x/micro-ros/command_stm32_leds/src/command_stm32_leds_node.cpp:35:68:[m[K [01;31m[Kerror: [m[Kexpected â€˜[01m[K;[m[Kâ€™ at end of member declaration
[2.868s]    35 |                 rclcpp::Publisher<std_msgs::msg::UInt8MultiArray>::[01;31m[KSharedPtr[m[K led_pub;
[2.868s]       |                                                                    [01;31m[K^~~~~~~~~[m[K
[2.869s]       |                                                                             [32m[K;[m[K
[2.869s] [01m[K/home/toffanetto/subjects/im420x/micro-ros/command_stm32_leds/src/command_stm32_leds_node.cpp:35:78:[m[K [01;31m[Kerror: [m[Kâ€˜[01m[Kled_pub[m[Kâ€™ does not name a type
[2.869s]    35 |             rclcpp::Publisher<std_msgs::msg::UInt8MultiArray>::SharedPtr [01;31m[Kled_pub[m[K;
[2.870s]       |                                                                          [01;31m[K^~~~~~~[m[K
[2.870s] 
[2.870s] [01m[K/home/toffanetto/subjects/im420x/micro-ros/command_stm32_leds/src/command_stm32_leds_node.cpp:36:32:[m[K [01;31m[Kerror: [m[Kâ€˜[01m[KUInt8MultiArray[m[Kâ€™ in namespace â€˜[01m[Kstd_msgs::msg[m[Kâ€™ does not name a type; did you mean â€˜[01m[KUInt32MultiArray[m[Kâ€™?
[2.870s]    36 |                 std_msgs::msg::[01;31m[KUInt8MultiArray[m[K::SharedPtr led_commands;
[2.870s]       |                                [01;31m[K^~~~~~~~~~~~~~~[m[K
[2.870s]       |                                [32m[KUInt32MultiArray[m[K
[2.877s] [01m[K/home/toffanetto/subjects/im420x/micro-ros/command_stm32_leds/src/command_stm32_leds_node.cpp:[m[K In constructor â€˜[01m[KCommandLed::CommandLed()[m[Kâ€™:
[2.877s] [01m[K/home/toffanetto/subjects/im420x/micro-ros/command_stm32_leds/src/command_stm32_leds_node.cpp:15:25:[m[K [01;31m[Kerror: [m[Kâ€˜[01m[Kled_pub[m[Kâ€™ was not declared in this scope
[2.877s]    15 |                         [01;31m[Kled_pub[m[K = this->create_publisher<std_msgs::msg::UInt8MultiArray>;
[2.877s]       |                         [01;31m[K^~~~~~~[m[K
[2.877s] [01m[K/home/toffanetto/subjects/im420x/micro-ros/command_stm32_leds/src/command_stm32_leds_node.cpp:15:73:[m[K [01;31m[Kerror: [m[Kâ€˜[01m[KUInt8MultiArray[m[Kâ€™ is not a member of â€˜[01m[Kstd_msgs::msg[m[Kâ€™; did you mean â€˜[01m[KUInt32MultiArray[m[Kâ€™?
[2.877s]    15 |                       led_pub = this->create_publisher<std_msgs::msg::[01;31m[KUInt8MultiArray[m[K>;
[2.877s]       |                                                                       [01;31m[K^~~~~~~~~~~~~~~[m[K
[2.877s]       |                                                                       [32m[KUInt32MultiArray[m[K
[2.885s] [01m[K/home/toffanetto/subjects/im420x/micro-ros/command_stm32_leds/src/command_stm32_leds_node.cpp:17:25:[m[K [01;31m[Kerror: [m[Kâ€˜[01m[Kled_commands[m[Kâ€™ was not declared in this scope
[2.885s]    17 |                         [01;31m[Kled_commands[m[K.data.reserve(4);
[2.885s]       |                         [01;31m[K^~~~~~~~~~~~[m[K
[2.886s] [01m[K/home/toffanetto/subjects/im420x/micro-ros/command_stm32_leds/src/command_stm32_leds_node.cpp:[m[K In member function â€˜[01m[Kint CommandLed::ledSendCommand()[m[Kâ€™:
[2.886s] [01m[K/home/toffanetto/subjects/im420x/micro-ros/command_stm32_leds/src/command_stm32_leds_node.cpp:24:33:[m[K [01;31m[Kerror: [m[Kâ€˜[01m[Kcin[m[Kâ€™ was not declared in this scope; did you mean â€˜[01m[Kstd::cin[m[Kâ€™?
[2.886s]    24 |                                 [01;31m[Kcin[m[K >> k >> state;
[2.886s]       |                                 [01;31m[K^~~[m[K
[2.886s]       |                                 [32m[Kstd::cin[m[K
[2.886s] In file included from [01m[K/home/toffanetto/subjects/im420x/micro-ros/command_stm32_leds/src/command_stm32_leds_node.cpp:1[m[K:
[2.886s] [01m[K/usr/include/c++/11/iostream:60:18:[m[K [01;36m[Knote: [m[Kâ€˜[01m[Kstd::cin[m[Kâ€™ declared here
[2.886s]    60 |   extern istream [01;36m[Kcin[m[K;           /// Linked to standard input
[2.886s]       |                  [01;36m[K^~~[m[K
[2.894s] [01m[K/home/toffanetto/subjects/im420x/micro-ros/command_stm32_leds/src/command_stm32_leds_node.cpp:26:41:[m[K [01;31m[Kerror: [m[Kâ€˜[01m[Kled_commands[m[Kâ€™ was not declared in this scope
[2.894s]    26 |                                         [01;31m[Kled_commands[m[K->data.data[k] = state;
[2.894s]       |                                         [01;31m[K^~~~~~~~~~~~[m[K
[2.899s] [01m[K/home/toffanetto/subjects/im420x/micro-ros/command_stm32_leds/src/command_stm32_leds_node.cpp:27:41:[m[K [01;31m[Kerror: [m[Kâ€˜[01m[Kled_pub[m[Kâ€™ was not declared in this scope
[2.899s]    27 |                                         [01;31m[Kled_pub[m[K->publish(led_commands);
[2.899s]       |                                         [01;31m[K^~~~~~~[m[K
[2.900s] [01m[K/home/toffanetto/subjects/im420x/micro-ros/command_stm32_leds/src/command_stm32_leds_node.cpp:31:17:[m[K [01;35m[Kwarning: [m[Kno return statement in function returning non-void [[01;35m[K]8;;https://gcc.gnu.org/onlinedocs/gcc/Warning-Options.html#index-Wreturn-type-Wreturn-type]8;;[m[K]
[2.900s]    31 |                 [01;35m[K}[m[K
[2.900s]       |                 [01;35m[K^[m[K
[3.392s] gmake[2]: *** [CMakeFiles/command_stm32_leds_node.dir/build.make:76: CMakeFiles/command_stm32_leds_node.dir/src/command_stm32_leds_node.cpp.o] Error 1
[3.392s] gmake[1]: *** [CMakeFiles/Makefile2:137: CMakeFiles/command_stm32_leds_node.dir/all] Error 2
[3.393s] gmake: *** [Makefile:146: all] Error 2
[3.401s] Invoked command in '/home/toffanetto/subjects/im420x/micro-ros/build/command_stm32_leds' returned '2': CMAKE_PREFIX_PATH=/opt/ros/humble /usr/bin/cmake --build /home/toffanetto/subjects/im420x/micro-ros/build/command_stm32_leds -- -j48 -l48
