[35m[1mConsolidate compiler generated dependencies of target command_stm32_leds_node[0m
[ 50%] [32mBuilding CXX object CMakeFiles/command_stm32_leds_node.dir/src/command_stm32_leds_node.cpp.o[0m
[01m[K/home/toffanetto/subjects/im420x/micro-ros/command_stm32_leds/src/command_stm32_leds_node.cpp:[m[K In function â€˜[01m[Kint main(int, char**)[m[Kâ€™:
[01m[K/home/toffanetto/subjects/im420x/micro-ros/command_stm32_leds/src/command_stm32_leds_node.cpp:48:9:[m[K [01;31m[Kerror: [m[Kâ€˜[01m[Ktrue_[m[Kâ€™ was not declared in this scope
   48 |   while([01;31m[Ktrue_[m[K){
      |         [01;31m[K^~~~~[m[K
[01m[K/home/toffanetto/subjects/im420x/micro-ros/command_stm32_leds/src/command_stm32_leds_node.cpp:49:14:[m[K [01;31m[Kerror: [m[Kâ€˜[01m[Kclass std::shared_ptr<CommandLed>[m[Kâ€™ has no member named â€˜[01m[KledSendCommand[m[Kâ€™
   49 |         node.[01;31m[KledSendCommand[m[K();
      |              [01;31m[K^~~~~~~~~~~~~~[m[K
gmake[2]: *** [CMakeFiles/command_stm32_leds_node.dir/build.make:76: CMakeFiles/command_stm32_leds_node.dir/src/command_stm32_leds_node.cpp.o] Error 1
gmake[1]: *** [CMakeFiles/Makefile2:137: CMakeFiles/command_stm32_leds_node.dir/all] Error 2
gmake: *** [Makefile:146: all] Error 2
